[33mwarn[39m: --------------------------------------
[32minfo[39m: Node Envoirenment : development
[31merror[39m: error information
[32minfo[39m: info information
[33mwarn[39m: warn information
[33mwarn[39m: --------------------------------------
function timeStamp() { [native code] }[33mwarn[39m: --------------------------------------
function timeStamp() { [native code] }[32minfo[39m: Node Envoirenment : development
function timeStamp() { [native code] }[31merror[39m: error information
function timeStamp() { [native code] }[32minfo[39m: info information
function timeStamp() { [native code] }[33mwarn[39m: warn information
function timeStamp() { [native code] }[33mwarn[39m: --------------------------------------
function timeStamp() { [native code] } [33mwarn[39m: --------------------------------------
function timeStamp() { [native code] } [32minfo[39m: Node Envoirenment : development
function timeStamp() { [native code] } [31merror[39m: error information
function timeStamp() { [native code] } [32minfo[39m: info information
function timeStamp() { [native code] } [33mwarn[39m: warn information
function timeStamp() { [native code] } [33mwarn[39m: --------------------------------------
function timeStamp() { [native code] } :[33mwarn[39m: --------------------------------------
function timeStamp() { [native code] } :[32minfo[39m: Node Envoirenment : development
function timeStamp() { [native code] } :[31merror[39m: error information
function timeStamp() { [native code] } :[32minfo[39m: info information
function timeStamp() { [native code] } :[33mwarn[39m: warn information
function timeStamp() { [native code] } :[33mwarn[39m: --------------------------------------
function timeStamp() { [native code] } :[33mwarn[39m: --------------------------------------
function timeStamp() { [native code] } :[32minfo[39m: Node Envoirenment : development
function timeStamp() { [native code] } :[31merror[39m: error information
function timeStamp() { [native code] } :[32minfo[39m: info information
function timeStamp() { [native code] } :[33mwarn[39m: warn information
function timeStamp() { [native code] } :[33mwarn[39m: --------------------------------------
function timeStamp() { [native code] } :[33mwarn[39m: --------------------------------------
function timeStamp() { [native code] } :[32minfo[39m: Node Envoirenment : development
function timeStamp() { [native code] } :[31merror[39m: error information
function timeStamp() { [native code] } :[32minfo[39m: info information
function timeStamp() { [native code] } :[33mwarn[39m: warn information
function timeStamp() { [native code] } :[33mwarn[39m: --------------------------------------
function timeStamp() { [native code] } :[33mwarn[39m: --------------------------------------
function timeStamp() { [native code] } :[32minfo[39m: Node Envoirenment : development
function timeStamp() { [native code] } :[31merror[39m: error information
function timeStamp() { [native code] } :[32minfo[39m: info information
function timeStamp() { [native code] } :[33mwarn[39m: warn information
function timeStamp() { [native code] } :[33mwarn[39m: --------------------------------------
function timeStamp() { [native code] } :[33mwarn[39m: --------------------------------------
function timeStamp() { [native code] } :[32minfo[39m: Node Envoirenment : development
function timeStamp() { [native code] } :[31merror[39m: error information
function timeStamp() { [native code] } :[32minfo[39m: info information
function timeStamp() { [native code] } :[33mwarn[39m: warn information
function timeStamp() { [native code] } :[33mwarn[39m: --------------------------------------
function timeStamp() { [native code] } :[33mwarn[39m: --------------------------------------
function timeStamp() { [native code] } :[32minfo[39m: Node Envoirenment : development
function timeStamp() { [native code] } :[31merror[39m: error information
function timeStamp() { [native code] } :[32minfo[39m: info information
function timeStamp() { [native code] } :[33mwarn[39m: warn information
function timeStamp() { [native code] } :[33mwarn[39m: --------------------------------------
undefined :[33mwarn[39m: --------------------------------------
undefined :[32minfo[39m: Node Envoirenment : development
undefined :[31merror[39m: error information
undefined :[32minfo[39m: info information
undefined :[33mwarn[39m: warn information
undefined :[33mwarn[39m: --------------------------------------
function timeStamp() { [native code] } :[33mwarn[39m: --------------------------------------
function timeStamp() { [native code] } :[32minfo[39m: Node Envoirenment : development
function timeStamp() { [native code] } :[31merror[39m: error information
function timeStamp() { [native code] } :[32minfo[39m: info information
function timeStamp() { [native code] } :[33mwarn[39m: warn information
function timeStamp() { [native code] } :[33mwarn[39m: --------------------------------------
function timeStamp() { [native code] } :[33mwarn[39m: --------------------------------------
function timeStamp() { [native code] } :[32minfo[39m: Node Envoirenment : development
function timeStamp() { [native code] } :[31merror[39m: error information
function timeStamp() { [native code] } :[32minfo[39m: info information
function timeStamp() { [native code] } :[33mwarn[39m: warn information
function timeStamp() { [native code] } :[33mwarn[39m: --------------------------------------
function timeStamp() { [native code] } :[33mwarn[39m: --------------------------------------
function timeStamp() { [native code] } :[32minfo[39m: Node Envoirenment : development
function timeStamp() { [native code] } :[31merror[39m: error information
function timeStamp() { [native code] } :[32minfo[39m: info information
function timeStamp() { [native code] } :[33mwarn[39m: warn information
function timeStamp() { [native code] } :[33mwarn[39m: --------------------------------------
function timeStamp() { [native code] } :[33mwarn[39m: --------------------------------------
function timeStamp() { [native code] } :[32minfo[39m: Node Envoirenment : development
function timeStamp() { [native code] } :[31merror[39m: error information
function timeStamp() { [native code] } :[32minfo[39m: info information
function timeStamp() { [native code] } :[33mwarn[39m: warn information
function timeStamp() { [native code] } :[33mwarn[39m: --------------------------------------
undefined :[33mwarn[39m: --------------------------------------
undefined :[32minfo[39m: Node Envoirenment : development
undefined :[31merror[39m: error information
undefined :[32minfo[39m: info information
undefined :[33mwarn[39m: warn information
undefined :[33mwarn[39m: --------------------------------------
undefined :[33mwarn[39m: --------------------------------------
undefined :[32minfo[39m: Node Envoirenment : development
undefined :[31merror[39m: error information
undefined :[32minfo[39m: info information
undefined :[33mwarn[39m: warn information
undefined :[33mwarn[39m: --------------------------------------
function timeStamp() { [native code] } :[33mwarn[39m: --------------------------------------
function timeStamp() { [native code] } :[32minfo[39m: Node Envoirenment : development
function timeStamp() { [native code] } :[31merror[39m: error information
function timeStamp() { [native code] } :[32minfo[39m: info information
function timeStamp() { [native code] } :[33mwarn[39m: warn information
function timeStamp() { [native code] } :[33mwarn[39m: --------------------------------------
2023/10/27 15:45:46 :[33mwarn[39m: --------------------------------------
2023/10/27 15:45:46 :[32minfo[39m: Node Envoirenment : development
2023/10/27 15:45:46 :[31merror[39m: error information
2023/10/27 15:45:46 :[32minfo[39m: info information
2023/10/27 15:45:46 :[33mwarn[39m: warn information
2023/10/27 15:45:46 :[33mwarn[39m: --------------------------------------
undefined :[33mwarn[39m: --------------------------------------
undefined :[32minfo[39m: Node Envoirenment : development
undefined :[31merror[39m: error information
undefined :[32minfo[39m: info information
undefined :[33mwarn[39m: warn information
undefined :[33mwarn[39m: --------------------------------------
2023/10/27 15:45:59 :[33mwarn[39m: --------------------------------------
2023/10/27 15:45:59 :[32minfo[39m: Node Envoirenment : development
2023/10/27 15:45:59 :[31merror[39m: error information
2023/10/27 15:45:59 :[32minfo[39m: info information
2023/10/27 15:45:59 :[33mwarn[39m: warn information
2023/10/27 15:45:59 :[33mwarn[39m: --------------------------------------
2023/10/27 15:46:02 :[33mwarn[39m: --------------------------------------
2023/10/27 15:46:02 :[32minfo[39m: Node Envoirenment : development
2023/10/27 15:46:02 :[31merror[39m: error information
2023/10/27 15:46:02 :[32minfo[39m: info information
2023/10/27 15:46:02 :[33mwarn[39m: warn information
2023/10/27 15:46:02 :[33mwarn[39m: --------------------------------------
2023/10/27 15:47:48 : [33mwarn[39m: --------------------------------------
2023/10/27 15:47:48 : [32minfo[39m: Node Envoirenment : development
2023/10/27 15:47:48 : [31merror[39m: error information
2023/10/27 15:47:48 : [32minfo[39m: info information
2023/10/27 15:47:48 : [33mwarn[39m: warn information
2023/10/27 15:47:48 : [33mwarn[39m: --------------------------------------
2023/10/27 15:47:55 : [33mwarn[39m : --------------------------------------
2023/10/27 15:47:55 : [32minfo[39m : Node Envoirenment : development
2023/10/27 15:47:55 : [31merror[39m : error information
2023/10/27 15:47:55 : [32minfo[39m : info information
2023/10/27 15:47:55 : [33mwarn[39m : warn information
2023/10/27 15:47:55 : [33mwarn[39m : --------------------------------------
2023/10/27 15:49:33 : [33mwarn[39m : --------------------------------------
2023/10/27 15:49:33 : [32minfo[39m : Node Envoirenment : development
2023/10/27 15:49:33 : [31merror[39m : error information
2023/10/27 15:49:33 : [32minfo[39m : info information
2023/10/27 15:49:33 : [33mwarn[39m : warn information
2023/10/27 15:49:33 : [33mwarn[39m : --------------------------------------
2023/10/27 15:49:37 : [33mwarn[39m : -------------------------------------- : 
2023/10/27 15:49:37 : [32minfo[39m : Node Envoirenment : development : 
2023/10/27 15:49:37 : [31merror[39m : error information : 
2023/10/27 15:49:37 : [32minfo[39m : info information : 
2023/10/27 15:49:37 : [33mwarn[39m : warn information : 
2023/10/27 15:49:37 : [33mwarn[39m : -------------------------------------- : 
2023/10/27 15:49:40 : [33mwarn[39m : -------------------------------------- : undefined
2023/10/27 15:49:40 : [32minfo[39m : Node Envoirenment : development : undefined
2023/10/27 15:49:40 : [31merror[39m : error information : undefined
2023/10/27 15:49:40 : [32minfo[39m : info information : undefined
2023/10/27 15:49:40 : [33mwarn[39m : warn information : undefined
2023/10/27 15:49:40 : [33mwarn[39m : -------------------------------------- : undefined
2023/10/27 15:50:32 : [33mwarn[39m : -------------------------------------- : right meow!
2023/10/27 15:50:32 : [32minfo[39m : Node Envoirenment : development : right meow!
2023/10/27 15:50:32 : [31merror[39m : error information : right meow!
2023/10/27 15:50:32 : [32minfo[39m : info information : right meow!
2023/10/27 15:50:32 : [33mwarn[39m : warn information : right meow!
2023/10/27 15:50:32 : [33mwarn[39m : -------------------------------------- : right meow!
2023/10/27 15:50:37 : [33mwarn[39m : -------------------------------------- : right meow!
2023/10/27 15:50:37 : [32minfo[39m : Node Envoirenment : development : right meow!
2023/10/27 15:50:37 : [31merror[39m : error information : right meow!
2023/10/27 15:50:37 : [32minfo[39m : info information : right meow!
2023/10/27 15:50:37 : [33mwarn[39m : warn information : right meow!
2023/10/27 15:50:37 : [33mwarn[39m : -------------------------------------- : right meow!
2023/10/27 15:50:42 : [33mwarn[39m : -------------------------------------- : undefined
2023/10/27 15:50:42 : [32minfo[39m : Node Envoirenment : development : undefined
2023/10/27 15:50:42 : [31merror[39m : error information : undefined
2023/10/27 15:50:42 : [32minfo[39m : info information : undefined
2023/10/27 15:50:42 : [33mwarn[39m : warn information : undefined
2023/10/27 15:50:42 : [33mwarn[39m : -------------------------------------- : undefined
2023/10/27 15:50:47 : [33mwarn[39m : --------------------------------------
2023/10/27 15:50:47 : [32minfo[39m : Node Envoirenment : development
2023/10/27 15:50:47 : [31merror[39m : error information
2023/10/27 15:50:47 : [32minfo[39m : info information
2023/10/27 15:50:47 : [33mwarn[39m : warn information
2023/10/27 15:50:47 : [33mwarn[39m : --------------------------------------
2023/10/27 15:53:22 : [33mwarn[39m : --------------------------------------
2023/10/27 15:53:22 : [32minfo[39m : Node Envoirenment : development
2023/10/27 15:53:22 : [31merror[39m : error information
2023/10/27 15:53:22 : [32minfo[39m : info information
2023/10/27 15:53:22 : [33mwarn[39m : warn information
2023/10/27 15:53:22 : [33mwarn[39m : --------------------------------------
2023/10/27 15:53:34 : [33mwarn[39m : --------------------------------------
2023/10/27 15:53:34 : [32minfo[39m : Node Envoirenment : development
2023/10/27 15:53:34 : [31merror[39m : error information
2023/10/27 15:53:34 : [32minfo[39m : info information
2023/10/27 15:53:34 : [33mwarn[39m : warn information
2023/10/27 15:53:34 : [33mwarn[39m : --------------------------------------
2023/10/27 16:02:30 : [33mwarn[39m : --------------------------------------
2023/10/27 16:02:30 : [32minfo[39m : Node Envoirenment : development
2023/10/27 16:02:30 : [31merror[39m : error information
2023/10/27 16:02:30 : [32minfo[39m : info information
2023/10/27 16:02:30 : [33mwarn[39m : warn information
2023/10/27 16:02:30 : [33mwarn[39m : --------------------------------------
2023/10/27 16:02:52 : [33mwarn[39m : --------------------------------------
2023/10/27 16:02:52 : [32minfo[39m : Node Envoirenment : development
2023/10/27 16:02:52 : [31merror[39m : error information
2023/10/27 16:02:52 : [32minfo[39m : info information
2023/10/27 16:02:52 : [33mwarn[39m : warn information
2023/10/27 16:02:52 : [33mwarn[39m : --------------------------------------
2023/10/27 16:02:54 : [33mwarn[39m : --------------------------------------
2023/10/27 16:02:54 : [32minfo[39m : Node Envoirenment : development
2023/10/27 16:02:54 : [31merror[39m : error information
2023/10/27 16:02:54 : [32minfo[39m : info information
2023/10/27 16:02:54 : [33mwarn[39m : warn information
2023/10/27 16:02:54 : [33mwarn[39m : --------------------------------------
2023/10/27 16:02:55 : [33mwarn[39m : --------------------------------------
2023/10/27 16:02:55 : [32minfo[39m : Node Envoirenment : development
2023/10/27 16:02:55 : [31merror[39m : error information
2023/10/27 16:02:55 : [32minfo[39m : info information
2023/10/27 16:02:55 : [33mwarn[39m : warn information
2023/10/27 16:02:55 : [33mwarn[39m : --------------------------------------
2023/10/27 16:03:00 : [33mwarn[39m : --------------------------------------
2023/10/27 16:03:00 : [32minfo[39m : Node Envoirenment : development
2023/10/27 16:03:00 : [31merror[39m : error information
2023/10/27 16:03:00 : [32minfo[39m : info information
2023/10/27 16:03:00 : [33mwarn[39m : warn information
2023/10/27 16:03:00 : [33mwarn[39m : --------------------------------------
2023/10/27 16:03:03 : [33mwarn[39m : --------------------------------------
2023/10/27 16:03:03 : [32minfo[39m : Node Envoirenment : development
2023/10/27 16:03:03 : [31merror[39m : error information
2023/10/27 16:03:03 : [32minfo[39m : info information
2023/10/27 16:03:03 : [33mwarn[39m : warn information
2023/10/27 16:03:03 : [33mwarn[39m : --------------------------------------
2023/10/27 16:03:12 : [33mwarn[39m : --------------------------------------
2023/10/27 16:03:12 : [32minfo[39m : Node Envoirenment : development
2023/10/27 16:03:12 : [31merror[39m : error information
2023/10/27 16:03:12 : [32minfo[39m : info information
2023/10/27 16:03:12 : [33mwarn[39m : warn information
2023/10/27 16:03:12 : [33mwarn[39m : --------------------------------------
2023/10/27 16:03:13 : [33mwarn[39m : --------------------------------------
2023/10/27 16:03:13 : [32minfo[39m : Node Envoirenment : development
2023/10/27 16:03:13 : [31merror[39m : error information
2023/10/27 16:03:13 : [32minfo[39m : info information
2023/10/27 16:03:13 : [33mwarn[39m : warn information
2023/10/27 16:03:13 : [33mwarn[39m : --------------------------------------
