[31merror[39m: error information
function timeStamp() { [native code] }[31merror[39m: error information
function timeStamp() { [native code] } [31merror[39m: error information
function timeStamp() { [native code] } :[31merror[39m: error information
function timeStamp() { [native code] } :[31merror[39m: error information
function timeStamp() { [native code] } :[31merror[39m: error information
function timeStamp() { [native code] } :[31merror[39m: error information
function timeStamp() { [native code] } :[31merror[39m: error information
function timeStamp() { [native code] } :[31merror[39m: error information
undefined :[31merror[39m: error information
function timeStamp() { [native code] } :[31merror[39m: error information
function timeStamp() { [native code] } :[31merror[39m: error information
function timeStamp() { [native code] } :[31merror[39m: error information
function timeStamp() { [native code] } :[31merror[39m: error information
undefined :[31merror[39m: error information
undefined :[31merror[39m: error information
function timeStamp() { [native code] } :[31merror[39m: error information
2023/10/27 15:45:46 :[31merror[39m: error information
undefined :[31merror[39m: error information
2023/10/27 15:45:59 :[31merror[39m: error information
2023/10/27 15:46:02 :[31merror[39m: error information
2023/10/27 15:47:48 : [31merror[39m: error information
2023/10/27 15:47:55 : [31merror[39m : error information
2023/10/27 15:49:33 : [31merror[39m : error information
2023/10/27 15:49:37 : [31merror[39m : error information : 
2023/10/27 15:49:40 : [31merror[39m : error information : undefined
2023/10/27 15:50:32 : [31merror[39m : error information : right meow!
2023/10/27 15:50:37 : [31merror[39m : error information : right meow!
2023/10/27 15:50:42 : [31merror[39m : error information : undefined
2023/10/27 15:50:47 : [31merror[39m : error information
2023/10/27 15:53:22 : [31merror[39m : error information
2023/10/27 15:53:34 : [31merror[39m : error information
2023/10/27 16:02:30 : [31merror[39m : error information
2023/10/27 16:02:52 : [31merror[39m : error information
2023/10/27 16:02:54 : [31merror[39m : error information
2023/10/27 16:02:55 : [31merror[39m : error information
2023/10/27 16:03:00 : [31merror[39m : error information
2023/10/27 16:03:03 : [31merror[39m : error information
2023/10/27 16:03:12 : [31merror[39m : error information
2023/10/27 16:03:13 : [31merror[39m : error information
